C:\USERS\VERMA\DOCUMENTS\VISUAL STUDIO 2010\PROJECTS\TRIANGLESTRIPPLOTTOOL\DEBUG\TRIANGLESTRIPPLOTTOOL.EXE
C:\USERS\VERMA\DOCUMENTS\VISUAL STUDIO 2010\PROJECTS\TRIANGLESTRIPPLOTTOOL\DEBUG\TRIANGLESTRIPPLOTTOOL.ILK
C:\USERS\VERMA\DOCUMENTS\VISUAL STUDIO 2010\PROJECTS\TRIANGLESTRIPPLOTTOOL\DEBUG\TRIANGLESTRIPPLOTTOOL.PDB
C:\Users\verma\Documents\Visual Studio 2010\Projects\TriangleStripPlotTool\TriangleStripPlotTool\Debug\cl.command.1.tlog
C:\Users\verma\Documents\Visual Studio 2010\Projects\TriangleStripPlotTool\TriangleStripPlotTool\Debug\CL.read.1.tlog
C:\Users\verma\Documents\Visual Studio 2010\Projects\TriangleStripPlotTool\TriangleStripPlotTool\Debug\CL.write.1.tlog
C:\Users\verma\Documents\Visual Studio 2010\Projects\TriangleStripPlotTool\TriangleStripPlotTool\Debug\link.10004.read.1.tlog
C:\Users\verma\Documents\Visual Studio 2010\Projects\TriangleStripPlotTool\TriangleStripPlotTool\Debug\link.10004.write.1.tlog
C:\Users\verma\Documents\Visual Studio 2010\Projects\TriangleStripPlotTool\TriangleStripPlotTool\Debug\link.10004-cvtres.read.1.tlog
C:\Users\verma\Documents\Visual Studio 2010\Projects\TriangleStripPlotTool\TriangleStripPlotTool\Debug\link.10004-cvtres.write.1.tlog
C:\Users\verma\Documents\Visual Studio 2010\Projects\TriangleStripPlotTool\TriangleStripPlotTool\Debug\link.10012.read.1.tlog
C:\Users\verma\Documents\Visual Studio 2010\Projects\TriangleStripPlotTool\TriangleStripPlotTool\Debug\link.10012.write.1.tlog
C:\Users\verma\Documents\Visual Studio 2010\Projects\TriangleStripPlotTool\TriangleStripPlotTool\Debug\link.10012-cvtres.read.1.tlog
C:\Users\verma\Documents\Visual Studio 2010\Projects\TriangleStripPlotTool\TriangleStripPlotTool\Debug\link.10012-cvtres.write.1.tlog
C:\Users\verma\Documents\Visual Studio 2010\Projects\TriangleStripPlotTool\TriangleStripPlotTool\Debug\link.1072.read.1.tlog
C:\Users\verma\Documents\Visual Studio 2010\Projects\TriangleStripPlotTool\TriangleStripPlotTool\Debug\link.1072.write.1.tlog
C:\Users\verma\Documents\Visual Studio 2010\Projects\TriangleStripPlotTool\TriangleStripPlotTool\Debug\link.1072-cvtres.read.1.tlog
C:\Users\verma\Documents\Visual Studio 2010\Projects\TriangleStripPlotTool\TriangleStripPlotTool\Debug\link.1072-cvtres.write.1.tlog
C:\Users\verma\Documents\Visual Studio 2010\Projects\TriangleStripPlotTool\TriangleStripPlotTool\Debug\link.11024.read.1.tlog
C:\Users\verma\Documents\Visual Studio 2010\Projects\TriangleStripPlotTool\TriangleStripPlotTool\Debug\link.11024.write.1.tlog
C:\Users\verma\Documents\Visual Studio 2010\Projects\TriangleStripPlotTool\TriangleStripPlotTool\Debug\link.11024-cvtres.read.1.tlog
C:\Users\verma\Documents\Visual Studio 2010\Projects\TriangleStripPlotTool\TriangleStripPlotTool\Debug\link.11024-cvtres.write.1.tlog
C:\Users\verma\Documents\Visual Studio 2010\Projects\TriangleStripPlotTool\TriangleStripPlotTool\Debug\link.12184.read.1.tlog
C:\Users\verma\Documents\Visual Studio 2010\Projects\TriangleStripPlotTool\TriangleStripPlotTool\Debug\link.12184.write.1.tlog
C:\Users\verma\Documents\Visual Studio 2010\Projects\TriangleStripPlotTool\TriangleStripPlotTool\Debug\link.12184-cvtres.read.1.tlog
C:\Users\verma\Documents\Visual Studio 2010\Projects\TriangleStripPlotTool\TriangleStripPlotTool\Debug\link.12184-cvtres.write.1.tlog
C:\Users\verma\Documents\Visual Studio 2010\Projects\TriangleStripPlotTool\TriangleStripPlotTool\Debug\link.208.read.1.tlog
C:\Users\verma\Documents\Visual Studio 2010\Projects\TriangleStripPlotTool\TriangleStripPlotTool\Debug\link.208.write.1.tlog
C:\Users\verma\Documents\Visual Studio 2010\Projects\TriangleStripPlotTool\TriangleStripPlotTool\Debug\link.208-cvtres.read.1.tlog
C:\Users\verma\Documents\Visual Studio 2010\Projects\TriangleStripPlotTool\TriangleStripPlotTool\Debug\link.208-cvtres.write.1.tlog
C:\Users\verma\Documents\Visual Studio 2010\Projects\TriangleStripPlotTool\TriangleStripPlotTool\Debug\link.2132.read.1.tlog
C:\Users\verma\Documents\Visual Studio 2010\Projects\TriangleStripPlotTool\TriangleStripPlotTool\Debug\link.2132.write.1.tlog
C:\Users\verma\Documents\Visual Studio 2010\Projects\TriangleStripPlotTool\TriangleStripPlotTool\Debug\link.2132-cvtres.read.1.tlog
C:\Users\verma\Documents\Visual Studio 2010\Projects\TriangleStripPlotTool\TriangleStripPlotTool\Debug\link.2132-cvtres.write.1.tlog
C:\Users\verma\Documents\Visual Studio 2010\Projects\TriangleStripPlotTool\TriangleStripPlotTool\Debug\link.5300.read.1.tlog
C:\Users\verma\Documents\Visual Studio 2010\Projects\TriangleStripPlotTool\TriangleStripPlotTool\Debug\link.5300.write.1.tlog
C:\Users\verma\Documents\Visual Studio 2010\Projects\TriangleStripPlotTool\TriangleStripPlotTool\Debug\link.5300-cvtres.read.1.tlog
C:\Users\verma\Documents\Visual Studio 2010\Projects\TriangleStripPlotTool\TriangleStripPlotTool\Debug\link.5300-cvtres.write.1.tlog
C:\Users\verma\Documents\Visual Studio 2010\Projects\TriangleStripPlotTool\TriangleStripPlotTool\Debug\link.7804.read.1.tlog
C:\Users\verma\Documents\Visual Studio 2010\Projects\TriangleStripPlotTool\TriangleStripPlotTool\Debug\link.7804.write.1.tlog
C:\Users\verma\Documents\Visual Studio 2010\Projects\TriangleStripPlotTool\TriangleStripPlotTool\Debug\link.7804-cvtres.read.1.tlog
C:\Users\verma\Documents\Visual Studio 2010\Projects\TriangleStripPlotTool\TriangleStripPlotTool\Debug\link.7804-cvtres.write.1.tlog
C:\Users\verma\Documents\Visual Studio 2010\Projects\TriangleStripPlotTool\TriangleStripPlotTool\Debug\link.8080.read.1.tlog
C:\Users\verma\Documents\Visual Studio 2010\Projects\TriangleStripPlotTool\TriangleStripPlotTool\Debug\link.8080.write.1.tlog
C:\Users\verma\Documents\Visual Studio 2010\Projects\TriangleStripPlotTool\TriangleStripPlotTool\Debug\link.8080-cvtres.read.1.tlog
C:\Users\verma\Documents\Visual Studio 2010\Projects\TriangleStripPlotTool\TriangleStripPlotTool\Debug\link.8080-cvtres.write.1.tlog
C:\Users\verma\Documents\Visual Studio 2010\Projects\TriangleStripPlotTool\TriangleStripPlotTool\Debug\link.command.1.tlog
C:\Users\verma\Documents\Visual Studio 2010\Projects\TriangleStripPlotTool\TriangleStripPlotTool\Debug\link.read.1.tlog
C:\Users\verma\Documents\Visual Studio 2010\Projects\TriangleStripPlotTool\TriangleStripPlotTool\Debug\link.write.1.tlog
C:\Users\verma\Documents\Visual Studio 2010\Projects\TriangleStripPlotTool\TriangleStripPlotTool\Debug\link-cvtres.read.1.tlog
C:\Users\verma\Documents\Visual Studio 2010\Projects\TriangleStripPlotTool\TriangleStripPlotTool\Debug\link-cvtres.write.1.tlog
C:\Users\verma\Documents\Visual Studio 2010\Projects\TriangleStripPlotTool\TriangleStripPlotTool\Debug\mt.command.1.tlog
C:\Users\verma\Documents\Visual Studio 2010\Projects\TriangleStripPlotTool\TriangleStripPlotTool\Debug\mt.read.1.tlog
C:\Users\verma\Documents\Visual Studio 2010\Projects\TriangleStripPlotTool\TriangleStripPlotTool\Debug\mt.write.1.tlog
C:\Users\verma\Documents\Visual Studio 2010\Projects\TriangleStripPlotTool\TriangleStripPlotTool\Debug\rc.command.1.tlog
C:\Users\verma\Documents\Visual Studio 2010\Projects\TriangleStripPlotTool\TriangleStripPlotTool\Debug\rc.read.1.tlog
C:\Users\verma\Documents\Visual Studio 2010\Projects\TriangleStripPlotTool\TriangleStripPlotTool\Debug\rc.write.1.tlog
C:\USERS\VERMA\DOCUMENTS\VISUAL STUDIO 2010\PROJECTS\TRIANGLESTRIPPLOTTOOL\TRIANGLESTRIPPLOTTOOL\DEBUG\STDAFX.OBJ
C:\USERS\VERMA\DOCUMENTS\VISUAL STUDIO 2010\PROJECTS\TRIANGLESTRIPPLOTTOOL\TRIANGLESTRIPPLOTTOOL\DEBUG\TRIANGLESTRIPPLOTTOOL.EXE.EMBED.MANIFEST
C:\USERS\VERMA\DOCUMENTS\VISUAL STUDIO 2010\PROJECTS\TRIANGLESTRIPPLOTTOOL\TRIANGLESTRIPPLOTTOOL\DEBUG\TRIANGLESTRIPPLOTTOOL.EXE.EMBED.MANIFEST.RES
C:\USERS\VERMA\DOCUMENTS\VISUAL STUDIO 2010\PROJECTS\TRIANGLESTRIPPLOTTOOL\TRIANGLESTRIPPLOTTOOL\DEBUG\TRIANGLESTRIPPLOTTOOL.EXE.INTERMEDIATE.MANIFEST
C:\USERS\VERMA\DOCUMENTS\VISUAL STUDIO 2010\PROJECTS\TRIANGLESTRIPPLOTTOOL\TRIANGLESTRIPPLOTTOOL\DEBUG\TRIANGLESTRIPPLOTTOOL.OBJ
C:\USERS\VERMA\DOCUMENTS\VISUAL STUDIO 2010\PROJECTS\TRIANGLESTRIPPLOTTOOL\TRIANGLESTRIPPLOTTOOL\DEBUG\TRIANGLESTRIPPLOTTOOL.PCH
C:\Users\verma\Documents\Visual Studio 2010\Projects\TriangleStripPlotTool\TriangleStripPlotTool\Debug\TriangleStripPlotTool.vcxprojResolveAssemblyReference.cache
C:\Users\verma\Documents\Visual Studio 2010\Projects\TriangleStripPlotTool\TriangleStripPlotTool\Debug\TriangleStripPlotTool.write.1.tlog
C:\Users\verma\Documents\Visual Studio 2010\Projects\TriangleStripPlotTool\TriangleStripPlotTool\Debug\TriangleStripPlotTool_manifest.rc
C:\Users\verma\Documents\Visual Studio 2010\Projects\TriangleStripPlotTool\TriangleStripPlotTool\Debug\vc100.idb
C:\USERS\VERMA\DOCUMENTS\VISUAL STUDIO 2010\PROJECTS\TRIANGLESTRIPPLOTTOOL\TRIANGLESTRIPPLOTTOOL\DEBUG\VC100.PDB
