Build started 21/10/2019 11:34:21.
     1>Project "C:\Users\verma\Documents\Visual Studio 2010\Projects\TriangleStripPlotTool\TriangleStripPlotTool\TriangleStripPlotTool.vcxproj" on node 2 (build target(s)).
     1>InitializeBuildStatus:
         Touching "Debug\TriangleStripPlotTool.unsuccessfulbuild".
       ClCompile:
         All outputs are up-to-date.
         C:\Program Files (x86)\Microsoft Visual Studio 10.0\VC\bin\CL.exe /c /ZI /nologo /W3 /WX- /Od /Oy- /D WIN32 /D _DEBUG /D _CONSOLE /D _UNICODE /D UNICODE /Gm /EHsc /RTC1 /MDd /GS /fp:precise /Zc:wchar_t /Zc:forScope /Yu"StdAfx.h" /Fp"Debug\TriangleStripPlotTool.pch" /Fo"Debug\\" /Fd"Debug\vc100.pdb" /Gd /TP /analyze- /errorReport:prompt TriangleStripPlotTool.cpp
         TriangleStripPlotTool.cpp
       ManifestResourceCompile:
         All outputs are up-to-date.
       Link:
         C:\Program Files (x86)\Microsoft Visual Studio 10.0\VC\bin\link.exe /ERRORREPORT:PROMPT /OUT:"C:\Users\verma\Documents\Visual Studio 2010\Projects\TriangleStripPlotTool\Debug\TriangleStripPlotTool.exe" /INCREMENTAL /NOLOGO kernel32.lib user32.lib gdi32.lib winspool.lib comdlg32.lib advapi32.lib shell32.lib ole32.lib oleaut32.lib uuid.lib odbc32.lib odbccp32.lib /MANIFEST /ManifestFile:"Debug\TriangleStripPlotTool.exe.intermediate.manifest" /MANIFESTUAC:"level='asInvoker' uiAccess='false'" /DEBUG /PDB:"C:\Users\verma\Documents\Visual Studio 2010\Projects\TriangleStripPlotTool\Debug\TriangleStripPlotTool.pdb" /SUBSYSTEM:CONSOLE /TLBID:1 /DYNAMICBASE /NXCOMPAT /IMPLIB:"C:\Users\verma\Documents\Visual Studio 2010\Projects\TriangleStripPlotTool\Debug\TriangleStripPlotTool.lib" /MACHINE:X86 Debug\TriangleStripPlotTool.exe.embed.manifest.res
         Debug\stdafx.obj
         Debug\TriangleStripPlotTool.obj
       Manifest:
         C:\Program Files (x86)\Microsoft SDKs\Windows\v7.0A\bin\mt.exe /nologo /verbose /out:"Debug\TriangleStripPlotTool.exe.embed.manifest" /manifest Debug\TriangleStripPlotTool.exe.intermediate.manifest
         All outputs are up-to-date.
       LinkEmbedManifest:
         All outputs are up-to-date.
         TriangleStripPlotTool.vcxproj -> C:\Users\verma\Documents\Visual Studio 2010\Projects\TriangleStripPlotTool\Debug\TriangleStripPlotTool.exe
       FinalizeBuildStatus:
         Deleting file "Debug\TriangleStripPlotTool.unsuccessfulbuild".
         Touching "Debug\TriangleStripPlotTool.lastbuildstate".
     1>Done Building Project "C:\Users\verma\Documents\Visual Studio 2010\Projects\TriangleStripPlotTool\TriangleStripPlotTool\TriangleStripPlotTool.vcxproj" (build target(s)).

Build succeeded.

Time Elapsed 00:00:00.93
